<?xml version="1.0" encoding="UTF-8"?>
<coverage generated="1705906879573" clover="3.2.0">
  <project timestamp="1705906879573" name="All files">
    <metrics statements="18" coveredstatements="18" conditionals="6" coveredconditionals="6" methods="13" coveredmethods="13" elements="37" coveredelements="37" complexity="0" loc="18" ncloc="18" packages="13" files="13" classes="13"/>
    <package name="entities.Counter.model.selectors.getCounter">
      <metrics statements="1" coveredstatements="1" conditionals="0" coveredconditionals="0" methods="1" coveredmethods="1"/>
      <file name="getCounter.ts" path="C:\Users\mniko\Desktop\production-project\src\entities\Counter\model\selectors\getCounter\getCounter.ts">
        <metrics statements="1" coveredstatements="1" conditionals="0" coveredconditionals="0" methods="1" coveredmethods="1"/>
        <line num="3" count="2" type="stmt"/>
      </file>
    </package>
    <package name="entities.Counter.model.selectors.getCounterValue">
      <metrics statements="2" coveredstatements="2" conditionals="0" coveredconditionals="0" methods="1" coveredmethods="1"/>
      <file name="getCounterValue.ts" path="C:\Users\mniko\Desktop\production-project\src\entities\Counter\model\selectors\getCounterValue\getCounterValue.ts">
        <metrics statements="2" coveredstatements="2" conditionals="0" coveredconditionals="0" methods="1" coveredmethods="1"/>
        <line num="5" count="1" type="stmt"/>
        <line num="7" count="1" type="stmt"/>
      </file>
    </package>
    <package name="entities.Counter.model.slice">
      <metrics statements="6" coveredstatements="6" conditionals="0" coveredconditionals="0" methods="2" coveredmethods="2"/>
      <file name="counterSlice.ts" path="C:\Users\mniko\Desktop\production-project\src\entities\Counter\model\slice\counterSlice.ts">
        <metrics statements="6" coveredstatements="6" conditionals="0" coveredconditionals="0" methods="2" coveredmethods="2"/>
        <line num="4" count="1" type="stmt"/>
        <line num="8" count="1" type="stmt"/>
        <line num="13" count="2" type="stmt"/>
        <line num="16" count="1" type="stmt"/>
        <line num="21" count="1" type="stmt"/>
        <line num="22" count="1" type="stmt"/>
      </file>
    </package>
    <package name="entities.Profile.model.selectors.getProfileError">
      <metrics statements="1" coveredstatements="1" conditionals="0" coveredconditionals="0" methods="1" coveredmethods="1"/>
      <file name="getProfileError.ts" path="C:\Users\mniko\Desktop\production-project\src\entities\Profile\model\selectors\getProfileError\getProfileError.ts">
        <metrics statements="1" coveredstatements="1" conditionals="0" coveredconditionals="0" methods="1" coveredmethods="1"/>
        <line num="3" count="2" type="stmt"/>
      </file>
    </package>
    <package name="entities.Profile.model.selectors.getProfileIsLoading">
      <metrics statements="1" coveredstatements="1" conditionals="0" coveredconditionals="0" methods="1" coveredmethods="1"/>
      <file name="getProfileIsLoading.ts" path="C:\Users\mniko\Desktop\production-project\src\entities\Profile\model\selectors\getProfileIsLoading\getProfileIsLoading.ts">
        <metrics statements="1" coveredstatements="1" conditionals="0" coveredconditionals="0" methods="1" coveredmethods="1"/>
        <line num="3" count="2" type="stmt"/>
      </file>
    </package>
    <package name="entities.Profile.model.selectors.getProfileReadonly">
      <metrics statements="1" coveredstatements="1" conditionals="0" coveredconditionals="0" methods="1" coveredmethods="1"/>
      <file name="getProfileReadonly.ts" path="C:\Users\mniko\Desktop\production-project\src\entities\Profile\model\selectors\getProfileReadonly\getProfileReadonly.ts">
        <metrics statements="1" coveredstatements="1" conditionals="0" coveredconditionals="0" methods="1" coveredmethods="1"/>
        <line num="3" count="2" type="stmt"/>
      </file>
    </package>
    <package name="entities.Profile.model.selectors.getProfileValidateErrors">
      <metrics statements="1" coveredstatements="1" conditionals="0" coveredconditionals="0" methods="1" coveredmethods="1"/>
      <file name="getProfileValidateErrors.ts" path="C:\Users\mniko\Desktop\production-project\src\entities\Profile\model\selectors\getProfileValidateErrors\getProfileValidateErrors.ts">
        <metrics statements="1" coveredstatements="1" conditionals="0" coveredconditionals="0" methods="1" coveredmethods="1"/>
        <line num="3" count="2" type="stmt"/>
      </file>
    </package>
    <package name="entities.Profile.model.types">
      <metrics statements="0" coveredstatements="0" conditionals="0" coveredconditionals="0" methods="0" coveredmethods="0"/>
      <file name="profile.ts" path="C:\Users\mniko\Desktop\production-project\src\entities\Profile\model\types\profile.ts">
        <metrics statements="0" coveredstatements="0" conditionals="0" coveredconditionals="0" methods="0" coveredmethods="0"/>
      </file>
    </package>
    <package name="features.AuthByUsername.model.selectors.getLoginError">
      <metrics statements="1" coveredstatements="1" conditionals="0" coveredconditionals="0" methods="1" coveredmethods="1"/>
      <file name="getLoginError.ts" path="C:\Users\mniko\Desktop\production-project\src\features\AuthByUsername\model\selectors\getLoginError\getLoginError.ts">
        <metrics statements="1" coveredstatements="1" conditionals="0" coveredconditionals="0" methods="1" coveredmethods="1"/>
        <line num="3" count="2" type="stmt"/>
      </file>
    </package>
    <package name="features.AuthByUsername.model.selectors.getLoginIsLoading">
      <metrics statements="1" coveredstatements="1" conditionals="2" coveredconditionals="2" methods="1" coveredmethods="1"/>
      <file name="getLoginIsLoading.ts" path="C:\Users\mniko\Desktop\production-project\src\features\AuthByUsername\model\selectors\getLoginIsLoading\getLoginIsLoading.ts">
        <metrics statements="1" coveredstatements="1" conditionals="2" coveredconditionals="2" methods="1" coveredmethods="1"/>
        <line num="3" count="2" type="cond" truecount="2" falsecount="0"/>
      </file>
    </package>
    <package name="features.AuthByUsername.model.selectors.getLoginPassword">
      <metrics statements="1" coveredstatements="1" conditionals="2" coveredconditionals="2" methods="1" coveredmethods="1"/>
      <file name="getLoginPassword.ts" path="C:\Users\mniko\Desktop\production-project\src\features\AuthByUsername\model\selectors\getLoginPassword\getLoginPassword.ts">
        <metrics statements="1" coveredstatements="1" conditionals="2" coveredconditionals="2" methods="1" coveredmethods="1"/>
        <line num="3" count="2" type="cond" truecount="2" falsecount="0"/>
      </file>
    </package>
    <package name="features.AuthByUsername.model.selectors.getLoginState">
      <metrics statements="1" coveredstatements="1" conditionals="0" coveredconditionals="0" methods="1" coveredmethods="1"/>
      <file name="getLoginState.ts" path="C:\Users\mniko\Desktop\production-project\src\features\AuthByUsername\model\selectors\getLoginState\getLoginState.ts">
        <metrics statements="1" coveredstatements="1" conditionals="0" coveredconditionals="0" methods="1" coveredmethods="1"/>
        <line num="3" count="2" type="stmt"/>
      </file>
    </package>
    <package name="features.AuthByUsername.model.selectors.getLoginUsername">
      <metrics statements="1" coveredstatements="1" conditionals="2" coveredconditionals="2" methods="1" coveredmethods="1"/>
      <file name="getLoginUsername.ts" path="C:\Users\mniko\Desktop\production-project\src\features\AuthByUsername\model\selectors\getLoginUsername\getLoginUsername.ts">
        <metrics statements="1" coveredstatements="1" conditionals="2" coveredconditionals="2" methods="1" coveredmethods="1"/>
        <line num="3" count="2" type="cond" truecount="2" falsecount="0"/>
      </file>
    </package>
  </project>
</coverage>
