{"C:\\Users\\mniko\\Desktop\\production-project\\src\\entities\\Counter\\model\\selectors\\getCounter\\getCounter.ts": {"path":"C:\\Users\\mniko\\Desktop\\production-project\\src\\entities\\Counter\\model\\selectors\\getCounter\\getCounter.ts","statementMap":{"0":{"start":{"line":3,"column":26},"end":{"line":3,"column":63}},"1":{"start":{"line":3,"column":50},"end":{"line":3,"column":63}}},"fnMap":{"0":{"name":"(anonymous_0)","decl":{"start":{"line":3,"column":26},"end":{"line":3,"column":27}},"loc":{"start":{"line":3,"column":50},"end":{"line":3,"column":63}},"line":3}},"branchMap":{},"s":{"0":2,"1":2},"f":{"0":2},"b":{},"_coverageSchema":"1a1c01bbd47fc00a2c39e90264f33305004495a9","hash":"db0166997280cc94343da0d6edd85e4b70ee0aee"}
,"C:\\Users\\mniko\\Desktop\\production-project\\src\\entities\\Counter\\model\\selectors\\getCounterValue\\getCounterValue.ts": {"path":"C:\\Users\\mniko\\Desktop\\production-project\\src\\entities\\Counter\\model\\selectors\\getCounterValue\\getCounterValue.ts","statementMap":{"0":{"start":{"line":5,"column":31},"end":{"line":8,"column":1}},"1":{"start":{"line":7,"column":32},"end":{"line":7,"column":45}}},"fnMap":{"0":{"name":"(anonymous_0)","decl":{"start":{"line":7,"column":4},"end":{"line":7,"column":5}},"loc":{"start":{"line":7,"column":32},"end":{"line":7,"column":45}},"line":7}},"branchMap":{},"s":{"0":1,"1":1},"f":{"0":1},"b":{},"_coverageSchema":"1a1c01bbd47fc00a2c39e90264f33305004495a9","hash":"c3f250458efb8fb39bc814b2e900269274fbbf2a"}
,"C:\\Users\\mniko\\Desktop\\production-project\\src\\entities\\Counter\\model\\slice\\counterSlice.ts": {"path":"C:\\Users\\mniko\\Desktop\\production-project\\src\\entities\\Counter\\model\\slice\\counterSlice.ts","statementMap":{"0":{"start":{"line":4,"column":36},"end":{"line":6,"column":1}},"1":{"start":{"line":8,"column":28},"end":{"line":19,"column":2}},"2":{"start":{"line":13,"column":12},"end":{"line":13,"column":29}},"3":{"start":{"line":16,"column":12},"end":{"line":16,"column":29}},"4":{"start":{"line":21,"column":43},"end":{"line":21,"column":55}},"5":{"start":{"line":22,"column":43},"end":{"line":22,"column":55}}},"fnMap":{"0":{"name":"(anonymous_0)","decl":{"start":{"line":12,"column":19},"end":{"line":12,"column":20}},"loc":{"start":{"line":12,"column":30},"end":{"line":14,"column":9}},"line":12},"1":{"name":"(anonymous_1)","decl":{"start":{"line":15,"column":19},"end":{"line":15,"column":20}},"loc":{"start":{"line":15,"column":30},"end":{"line":17,"column":9}},"line":15}},"branchMap":{},"s":{"0":1,"1":1,"2":2,"3":1,"4":1,"5":1},"f":{"0":2,"1":1},"b":{},"_coverageSchema":"1a1c01bbd47fc00a2c39e90264f33305004495a9","hash":"9a8be2603aeb7e2f86183214da913cd966f6f473"}
,"C:\\Users\\mniko\\Desktop\\production-project\\src\\entities\\Profile\\model\\selectors\\getProfileError\\getProfileError.ts": {"path":"C:\\Users\\mniko\\Desktop\\production-project\\src\\entities\\Profile\\model\\selectors\\getProfileError\\getProfileError.ts","statementMap":{"0":{"start":{"line":3,"column":31},"end":{"line":3,"column":75}},"1":{"start":{"line":3,"column":55},"end":{"line":3,"column":75}}},"fnMap":{"0":{"name":"(anonymous_0)","decl":{"start":{"line":3,"column":31},"end":{"line":3,"column":32}},"loc":{"start":{"line":3,"column":55},"end":{"line":3,"column":75}},"line":3}},"branchMap":{},"s":{"0":1,"1":2},"f":{"0":2},"b":{},"_coverageSchema":"1a1c01bbd47fc00a2c39e90264f33305004495a9","hash":"203f28a140c8a3f031a2f185a319baf3e48be38a"}
,"C:\\Users\\mniko\\Desktop\\production-project\\src\\entities\\Profile\\model\\selectors\\getProfileIsLoading\\getProfileIsLoading.ts": {"path":"C:\\Users\\mniko\\Desktop\\production-project\\src\\entities\\Profile\\model\\selectors\\getProfileIsLoading\\getProfileIsLoading.ts","statementMap":{"0":{"start":{"line":3,"column":35},"end":{"line":3,"column":83}},"1":{"start":{"line":3,"column":59},"end":{"line":3,"column":83}}},"fnMap":{"0":{"name":"(anonymous_0)","decl":{"start":{"line":3,"column":35},"end":{"line":3,"column":36}},"loc":{"start":{"line":3,"column":59},"end":{"line":3,"column":83}},"line":3}},"branchMap":{},"s":{"0":1,"1":2},"f":{"0":2},"b":{},"_coverageSchema":"1a1c01bbd47fc00a2c39e90264f33305004495a9","hash":"4dc52e9c26b9000670b1113de6e241baf3e22e39"}
,"C:\\Users\\mniko\\Desktop\\production-project\\src\\entities\\Profile\\model\\selectors\\getProfileReadonly\\getProfileReadonly.ts": {"path":"C:\\Users\\mniko\\Desktop\\production-project\\src\\entities\\Profile\\model\\selectors\\getProfileReadonly\\getProfileReadonly.ts","statementMap":{"0":{"start":{"line":3,"column":34},"end":{"line":3,"column":81}},"1":{"start":{"line":3,"column":58},"end":{"line":3,"column":81}}},"fnMap":{"0":{"name":"(anonymous_0)","decl":{"start":{"line":3,"column":34},"end":{"line":3,"column":35}},"loc":{"start":{"line":3,"column":58},"end":{"line":3,"column":81}},"line":3}},"branchMap":{},"s":{"0":1,"1":2},"f":{"0":2},"b":{},"_coverageSchema":"1a1c01bbd47fc00a2c39e90264f33305004495a9","hash":"8a64e0efc36e0532ce1de020d20fb4ed0c6a5cfe"}
,"C:\\Users\\mniko\\Desktop\\production-project\\src\\entities\\Profile\\model\\selectors\\getProfileValidateErrors\\getProfileValidateErrors.ts": {"path":"C:\\Users\\mniko\\Desktop\\production-project\\src\\entities\\Profile\\model\\selectors\\getProfileValidateErrors\\getProfileValidateErrors.ts","statementMap":{"0":{"start":{"line":3,"column":40},"end":{"line":3,"column":93}},"1":{"start":{"line":3,"column":64},"end":{"line":3,"column":93}}},"fnMap":{"0":{"name":"(anonymous_0)","decl":{"start":{"line":3,"column":40},"end":{"line":3,"column":41}},"loc":{"start":{"line":3,"column":64},"end":{"line":3,"column":93}},"line":3}},"branchMap":{},"s":{"0":1,"1":2},"f":{"0":2},"b":{},"_coverageSchema":"1a1c01bbd47fc00a2c39e90264f33305004495a9","hash":"7498807551ad804dbcfe88523b4bccec15754274"}
,"C:\\Users\\mniko\\Desktop\\production-project\\src\\entities\\Profile\\model\\types\\profile.ts": {"path":"C:\\Users\\mniko\\Desktop\\production-project\\src\\entities\\Profile\\model\\types\\profile.ts","statementMap":{},"fnMap":{},"branchMap":{},"s":{},"f":{},"b":{},"_coverageSchema":"1a1c01bbd47fc00a2c39e90264f33305004495a9","hash":"c6f5755814e2515cb69f64edeb61524f07b9bbb5"}
,"C:\\Users\\mniko\\Desktop\\production-project\\src\\features\\AuthByUsername\\model\\selectors\\getLoginError\\getLoginError.ts": {"path":"C:\\Users\\mniko\\Desktop\\production-project\\src\\features\\AuthByUsername\\model\\selectors\\getLoginError\\getLoginError.ts","statementMap":{"0":{"start":{"line":3,"column":29},"end":{"line":3,"column":76}},"1":{"start":{"line":3,"column":53},"end":{"line":3,"column":76}}},"fnMap":{"0":{"name":"(anonymous_0)","decl":{"start":{"line":3,"column":29},"end":{"line":3,"column":30}},"loc":{"start":{"line":3,"column":53},"end":{"line":3,"column":76}},"line":3}},"branchMap":{},"s":{"0":1,"1":2},"f":{"0":2},"b":{},"_coverageSchema":"1a1c01bbd47fc00a2c39e90264f33305004495a9","hash":"919d1c364e1d23eefdb3ceed92840014cc76097e"}
,"C:\\Users\\mniko\\Desktop\\production-project\\src\\features\\AuthByUsername\\model\\selectors\\getLoginIsLoading\\getLoginIsLoading.ts": {"path":"C:\\Users\\mniko\\Desktop\\production-project\\src\\features\\AuthByUsername\\model\\selectors\\getLoginIsLoading\\getLoginIsLoading.ts","statementMap":{"0":{"start":{"line":3,"column":33},"end":{"line":3,"column":93}},"1":{"start":{"line":3,"column":57},"end":{"line":3,"column":93}}},"fnMap":{"0":{"name":"(anonymous_0)","decl":{"start":{"line":3,"column":33},"end":{"line":3,"column":34}},"loc":{"start":{"line":3,"column":57},"end":{"line":3,"column":93}},"line":3}},"branchMap":{"0":{"loc":{"start":{"line":3,"column":57},"end":{"line":3,"column":93}},"type":"binary-expr","locations":[{"start":{"line":3,"column":57},"end":{"line":3,"column":84}},{"start":{"line":3,"column":88},"end":{"line":3,"column":93}}],"line":3}},"s":{"0":1,"1":2},"f":{"0":2},"b":{"0":[2,1]},"_coverageSchema":"1a1c01bbd47fc00a2c39e90264f33305004495a9","hash":"bf0b44f46861ac0a2cf97d49c513c92455665710"}
,"C:\\Users\\mniko\\Desktop\\production-project\\src\\features\\AuthByUsername\\model\\selectors\\getLoginPassword\\getLoginPassword.ts": {"path":"C:\\Users\\mniko\\Desktop\\production-project\\src\\features\\AuthByUsername\\model\\selectors\\getLoginPassword\\getLoginPassword.ts","statementMap":{"0":{"start":{"line":3,"column":32},"end":{"line":3,"column":88}},"1":{"start":{"line":3,"column":56},"end":{"line":3,"column":88}}},"fnMap":{"0":{"name":"(anonymous_0)","decl":{"start":{"line":3,"column":32},"end":{"line":3,"column":33}},"loc":{"start":{"line":3,"column":56},"end":{"line":3,"column":88}},"line":3}},"branchMap":{"0":{"loc":{"start":{"line":3,"column":56},"end":{"line":3,"column":88}},"type":"binary-expr","locations":[{"start":{"line":3,"column":56},"end":{"line":3,"column":82}},{"start":{"line":3,"column":86},"end":{"line":3,"column":88}}],"line":3}},"s":{"0":1,"1":2},"f":{"0":2},"b":{"0":[2,1]},"_coverageSchema":"1a1c01bbd47fc00a2c39e90264f33305004495a9","hash":"732318e69812092db2a105e88116b0d0a05fc35e"}
,"C:\\Users\\mniko\\Desktop\\production-project\\src\\features\\AuthByUsername\\model\\selectors\\getLoginState\\getLoginState.ts": {"path":"C:\\Users\\mniko\\Desktop\\production-project\\src\\features\\AuthByUsername\\model\\selectors\\getLoginState\\getLoginState.ts","statementMap":{"0":{"start":{"line":3,"column":29},"end":{"line":3,"column":69}},"1":{"start":{"line":3,"column":53},"end":{"line":3,"column":69}}},"fnMap":{"0":{"name":"(anonymous_0)","decl":{"start":{"line":3,"column":29},"end":{"line":3,"column":30}},"loc":{"start":{"line":3,"column":53},"end":{"line":3,"column":69}},"line":3}},"branchMap":{},"s":{"0":1,"1":2},"f":{"0":2},"b":{},"_coverageSchema":"1a1c01bbd47fc00a2c39e90264f33305004495a9","hash":"e1246d37458b376128e0d70e1f418be3816ae5d3"}
,"C:\\Users\\mniko\\Desktop\\production-project\\src\\features\\AuthByUsername\\model\\selectors\\getLoginUsername\\getLoginUsername.ts": {"path":"C:\\Users\\mniko\\Desktop\\production-project\\src\\features\\AuthByUsername\\model\\selectors\\getLoginUsername\\getLoginUsername.ts","statementMap":{"0":{"start":{"line":3,"column":32},"end":{"line":3,"column":88}},"1":{"start":{"line":3,"column":56},"end":{"line":3,"column":88}}},"fnMap":{"0":{"name":"(anonymous_0)","decl":{"start":{"line":3,"column":32},"end":{"line":3,"column":33}},"loc":{"start":{"line":3,"column":56},"end":{"line":3,"column":88}},"line":3}},"branchMap":{"0":{"loc":{"start":{"line":3,"column":56},"end":{"line":3,"column":88}},"type":"binary-expr","locations":[{"start":{"line":3,"column":56},"end":{"line":3,"column":82}},{"start":{"line":3,"column":86},"end":{"line":3,"column":88}}],"line":3}},"s":{"0":1,"1":2},"f":{"0":2},"b":{"0":[2,1]},"_coverageSchema":"1a1c01bbd47fc00a2c39e90264f33305004495a9","hash":"a415ce03b954f98c17a4d6b4128592e2f9e71682"}
}
