{"C:\\Users\\mniko\\Desktop\\production-project\\src\\features\\AddCommentForm\\model\\slices\\addCommentFormSlice.ts": {"path":"C:\\Users\\mniko\\Desktop\\production-project\\src\\features\\AddCommentForm\\model\\slices\\addCommentFormSlice.ts","statementMap":{"0":{"start":{"line":4,"column":43},"end":{"line":7,"column":1}},"1":{"start":{"line":9,"column":35},"end":{"line":17,"column":2}},"2":{"start":{"line":14,"column":12},"end":{"line":14,"column":40}},"3":{"start":{"line":19,"column":50},"end":{"line":19,"column":69}},"4":{"start":{"line":20,"column":50},"end":{"line":20,"column":69}}},"fnMap":{"0":{"name":"(anonymous_0)","decl":{"start":{"line":13,"column":17},"end":{"line":13,"column":18}},"loc":{"start":{"line":13,"column":59},"end":{"line":15,"column":9}},"line":13}},"branchMap":{},"s":{"0":1,"1":1,"2":1,"3":1,"4":1},"f":{"0":1},"b":{},"_coverageSchema":"1a1c01bbd47fc00a2c39e90264f33305004495a9","hash":"4ce0eabf68ffc515cd411ccf972c17d897879a15"}
}
